<?xml version="1.0" encoding="UTF-8"?>
<coverage generated="1696372248734" clover="3.2.0">
  <project timestamp="1696372248734" name="All files">
    <metrics statements="37" coveredstatements="32" conditionals="3" coveredconditionals="3" methods="11" coveredmethods="8" elements="51" coveredelements="43" complexity="0" loc="37" ncloc="37" packages="1" files="3" classes="3"/>
    <file name="app.ts" path="/home/nathalia/Área de Trabalho/Testes Unitários/curso-testes-unitarios/aula-testes-04/src/app.ts">
      <metrics statements="22" coveredstatements="17" conditionals="1" coveredconditionals="1" methods="6" coveredmethods="3"/>
      <line num="1" count="2" type="stmt"/>
      <line num="2" count="2" type="stmt"/>
      <line num="4" count="2" type="stmt"/>
      <line num="5" count="2" type="stmt"/>
      <line num="7" count="2" type="stmt"/>
      <line num="8" count="2" type="stmt"/>
      <line num="10" count="2" type="stmt"/>
      <line num="11" count="2" type="stmt"/>
      <line num="12" count="2" type="stmt"/>
      <line num="13" count="2" type="stmt"/>
      <line num="14" count="2" type="stmt"/>
      <line num="15" count="1" type="stmt"/>
      <line num="16" count="0" type="stmt"/>
      <line num="17" count="0" type="stmt"/>
      <line num="18" count="0" type="stmt"/>
      <line num="21" count="2" type="stmt"/>
      <line num="22" count="2" type="cond" truecount="1" falsecount="0"/>
      <line num="24" count="1" type="stmt"/>
      <line num="25" count="1" type="stmt"/>
      <line num="27" count="0" type="stmt"/>
      <line num="28" count="0" type="stmt"/>
      <line num="32" count="2" type="stmt"/>
    </file>
    <file name="calculator.ts" path="/home/nathalia/Área de Trabalho/Testes Unitários/curso-testes-unitarios/aula-testes-04/src/calculator.ts">
      <metrics statements="7" coveredstatements="7" conditionals="1" coveredconditionals="1" methods="4" coveredmethods="4"/>
      <line num="2" count="2" type="stmt"/>
      <line num="6" count="1" type="stmt"/>
      <line num="10" count="2" type="cond" truecount="1" falsecount="0"/>
      <line num="11" count="1" type="stmt"/>
      <line num="15" count="1" type="stmt"/>
      <line num="18" count="3" type="stmt"/>
      <line num="22" count="3" type="stmt"/>
    </file>
    <file name="validator.ts" path="/home/nathalia/Área de Trabalho/Testes Unitários/curso-testes-unitarios/aula-testes-04/src/validator.ts">
      <metrics statements="8" coveredstatements="8" conditionals="1" coveredconditionals="1" methods="1" coveredmethods="1"/>
      <line num="2" count="2" type="stmt"/>
      <line num="3" count="2" type="stmt"/>
      <line num="11" count="2" type="stmt"/>
      <line num="17" count="2" type="stmt"/>
      <line num="18" count="3" type="stmt"/>
      <line num="19" count="3" type="cond" truecount="1" falsecount="0"/>
      <line num="20" count="1" type="stmt"/>
      <line num="23" count="2" type="stmt"/>
    </file>
  </project>
</coverage>
